nohup: ignoring input
Setting up watches.  Beware: since -r was given, this may take a while!
Watches established.
[AutoPush] Cambio detectado: MODIFY autopush.log
[AutoPush] Cambio detectado: MODIFY autopush.log
[AutoPush] Cambio detectado: CREATE index.lock
[AutoPush] Cambio detectado: MODIFY index.lock
[AutoPush] Cambio detectado: MODIFY index.lock
[AutoPush] Cambio detectado: CREATE index.lock
[AutoPush] Cambio detectado: CREATE,ISDIR 83
[AutoPush] Cambio detectado: CREATE tmp_obj_yVudPT
[AutoPush] Cambio detectado: MODIFY tmp_obj_yVudPT
[AutoPush] Cambio detectado: CREATE 6f4406d89316dafd5b3b075169cc86f739f27d
[AutoPush] Cambio detectado: DELETE tmp_obj_yVudPT
[AutoPush] Cambio detectado: MODIFY index.lock
[AutoPush] Cambio detectado: MODIFY index.lock
[AutoPush] Cambio detectado: MODIFY COMMIT_EDITMSG
[AutoPush] Cambio detectado: MODIFY COMMIT_EDITMSG
[AutoPush] Cambio detectado: CREATE,ISDIR b0
[AutoPush] Cambio detectado: CREATE tmp_obj_E2uaCT
[AutoPush] Cambio detectado: MODIFY tmp_obj_E2uaCT
[AutoPush] Cambio detectado: CREATE 94dd2271417dad79573a12c530fb76f154a67c
